#
# A fatal error has been detected by the Java Runtime Environment:
#
#  SIGSEGV (0xb) at pc=0x00007f4c99caba0d, pid=4810, tid=139967663757056
#
# JRE version: Java(TM) SE Runtime Environment (8.0_05-b13) (build 1.8.0_05-b13)
# Java VM: Java HotSpot(TM) 64-Bit Server VM (25.5-b02 mixed mode linux-amd64 compressed oops)
# Problematic frame:
# C  [libdb_java-6.1.so+0x19fa0d]  __log_put_record_int+0x15d
#
# Failed to write core dump. Core dumps have been disabled. To enable core dumping, try "ulimit -c unlimited" before starting Java again
#
# If you would like to submit a bug report, please visit:
#   http://bugreport.sun.com/bugreport/crash.jsp
# The crash happened outside the Java Virtual Machine in native code.
# See problematic frame for where to report the bug.
#

---------------  T H R E A D  ---------------

Current thread (0x00007f4cbc008800):  JavaThread "main" [_thread_in_native, id=4813, stack(0x00007f4cc2d0d000,0x00007f4cc2e0e000)]

siginfo:si_signo=SIGSEGV: si_errno=0, si_code=1 (SEGV_MAPERR), si_addr=0x0000000000000014

Registers:
RAX=0x0000000000000000, RBX=0x000000000000003e, RCX=0x00007f4cbc30f0a0, RDX=0x0000000000000000
RSP=0x00007f4cc2e0a440, RBP=0x00007f4c9999acd8, RSI=0x00007f4cbc30c510, RDI=0x00007f4c99a39530
R8 =0x0000000000000000, R9 =0x0000000000000029, R10=0x00007f4cc2e0a688, R11=0x0000000000000018
R12=0x00007f4cc2e0a590, R13=0x00007f4cbc2e0660, R14=0x0000000000000001, R15=0x00007f4cbc30c510
RIP=0x00007f4c99caba0d, EFLAGS=0x0000000000010202, CSGSFS=0x0000000000000033, ERR=0x0000000000000004
  TRAPNO=0x000000000000000e

Top of Stack: (sp=0x00007f4cc2e0a440)
0x00007f4cc2e0a440:   00007f4cc2e0a460 00007f4cbc2e0660
0x00007f4cc2e0a450:   00007f4cbc008800 00007f4cbc30f0a0
0x00007f4cc2e0a460:   0000000000000000 00007f4cc1a68b68
0x00007f4cc2e0a470:   00007f4c99a39538 00000000bc2e14e0
0x00007f4cc2e0a480:   00007f4c99a39530 00007f4c9999acd8
0x00007f4cc2e0a490:   00007f4c99a39448 0000000000000002
0x00007f4cc2e0a4a0:   00007f4c99a12330 00007f4c99c34ea5
0x00007f4cc2e0a4b0:   0000000000000000 00000029c2e0a4a8
0x00007f4cc2e0a4c0:   00007f4cac91f18e 0000039d00e0a558
0x00007f4cc2e0a4d0:   00007f4cbc2e0660 0000000400000000
0x00007f4cc2e0a4e0:   00007f4cbc30cc40 0000000100000000
0x00007f4cc2e0a4f0:   00007f4cc2e0a500 0000000000000000
0x00007f4cc2e0a500:   00007f4cbc2e14e8 00007f4cc2e0a560
0x00007f4cc2e0a510:   01007f4cc2e0a530 00007f4cc2e0a550
0x00007f4cc2e0a520:   000000008000000d 0000000001003c18
0x00007f4cc2e0a530:   00007f4cbc008800 00007f4cc2e0a5b0
0x00007f4cc2e0a540:   00007f4c9999acd8 00007f4cc2e0aef0
0x00007f4cc2e0a550:   0000000000000000 00007f4cbc30c510
0x00007f4cc2e0a560:   0000000000000010 00007f4c99cac66f
0x00007f4cc2e0a570:   00007f4c00000000 000000000000003e
0x00007f4cc2e0a580:   00007f4c99f2a380 00007f4cc2e0a590
0x00007f4cc2e0a590:   0000003000000030 00007f4cc2e0a688
0x00007f4cc2e0a5a0:   00007f4cc2e0a5b0 00007f4c99c3627b
0x00007f4cc2e0a5b0:   00007f4cc2e0a790 00007f4c999978c8
0x00007f4cc2e0a5c0:   00007f4cbc30e410 00007f4cbc2e0660
0x00007f4cc2e0a5d0:   00007f4cc2e0a7b0 00007f4c99cb2987
0x00007f4cc2e0a5e0:   00007f4cbc30cb50 00007f4c99cc5844
0x00007f4cc2e0a5f0:   0000000000000000 00007f4c99c69b08
0x00007f4cc2e0a600:   00007f4c999d53c8 00007f4c99b6e4f3
0x00007f4cc2e0a610:   00007f4c00000003 00000000bc30cc40
0x00007f4cc2e0a620:   000000000000008a 00007f4c999d0138
0x00007f4cc2e0a630:   00007f4cc2e0a640 00007f4cc2e0a650 

Instructions: (pc=0x00007f4c99caba0d)
0x00007f4c99cab9ed:   18 48 83 c7 10 48 89 7c 24 40 8b 41 18 89 84 24
0x00007f4c99cab9fd:   e0 00 00 00 4d 85 ff 74 11 49 8b 87 88 00 00 00
0x00007f4c99caba0d:   83 78 14 ff 0f 84 3b 0b 00 00 49 8b 85 b8 00 00
0x00007f4c99caba1d:   00 31 ed 89 9c 24 88 00 00 00 48 85 c0 74 16 89 

Register to memory mapping:

RAX=0x0000000000000000 is an unknown value
RBX=0x000000000000003e is an unknown value
RCX=0x00007f4cbc30f0a0 is an unknown value
RDX=0x0000000000000000 is an unknown value
RSP=0x00007f4cc2e0a440 is pointing into the stack for thread: 0x00007f4cbc008800
RBP=0x00007f4c9999acd8 is an unknown value
RSI=0x00007f4cbc30c510 is an unknown value
RDI=0x00007f4c99a39530 is an unknown value
R8 =0x0000000000000000 is an unknown value
R9 =0x0000000000000029 is an unknown value
R10=0x00007f4cc2e0a688 is pointing into the stack for thread: 0x00007f4cbc008800
R11=0x0000000000000018 is an unknown value
R12=0x00007f4cc2e0a590 is pointing into the stack for thread: 0x00007f4cbc008800
R13=0x00007f4cbc2e0660 is an unknown value
R14=0x0000000000000001 is an unknown value
R15=0x00007f4cbc30c510 is an unknown value


Stack: [0x00007f4cc2d0d000,0x00007f4cc2e0e000],  sp=0x00007f4cc2e0a440,  free space=1013k
Native frames: (J=compiled Java code, j=interpreted, Vv=VM code, C=native code)
C  [libdb_java-6.1.so+0x19fa0d]  __log_put_record_int+0x15d

Java frames: (J=compiled Java code, j=interpreted, Vv=VM code)
j  com.sleepycat.db.internal.db_javaJNI.Db_associate(JLcom/sleepycat/db/internal/Db;JLcom/sleepycat/db/internal/DbTxn;JLcom/sleepycat/db/internal/Db;ZI)V+0
j  com.sleepycat.db.internal.Db.associate(Lcom/sleepycat/db/internal/DbTxn;Lcom/sleepycat/db/internal/Db;Lcom/sleepycat/db/SecondaryKeyCreator;I)V+38
j  com.sleepycat.db.SecondaryConfig.openSecondaryDatabase(Lcom/sleepycat/db/internal/DbEnv;Lcom/sleepycat/db/internal/DbTxn;Ljava/lang/String;Ljava/lang/String;Lcom/sleepycat/db/internal/Db;)Lcom/sleepycat/db/internal/Db;+89
j  com.sleepycat.db.Environment.openSecondaryDatabase(Lcom/sleepycat/db/Transaction;Ljava/lang/String;Ljava/lang/String;Lcom/sleepycat/db/Database;Lcom/sleepycat/db/SecondaryConfig;)Lcom/sleepycat/db/SecondaryDatabase;+32
j  org.judal.bdb.DBTable.openIndex(Ljava/lang/String;)Lorg/judal/bdb/DBIndex;+643
j  org.judal.bdb.DBTable.<init>(Lorg/judal/bdb/DBDataSource;Lorg/judal/metadata/TableDef;Ljava/lang/String;Ljava/lang/String;Lcom/sleepycat/db/Database;Ljava/util/HashMap;Lcom/sleepycat/db/Database;Lcom/sleepycat/bind/serial/StoredClassCatalog;Lcom/sleepycat/bind/EntryBinding;Ljava/lang/Class;)V+89
j  org.judal.bdb.DBDataSource.openTableOrBucket(Ljava/util/Properties;Lorg/judal/metadata/TableDef;Z)Lorg/judal/bdb/DBBucket;+761
j  org.judal.bdb.DBTableDataSource.openIndexedTable(Ljava/lang/String;[Ljava/lang/String;)Lorg/judal/bdb/DBTable;+138
j  org.judal.bdb.DBTableDataSource.openIndexedView(Ljava/lang/String;[Ljava/lang/String;)Lorg/judal/storage/IndexableView;+3
j  org.judal.storage.test.AbstractTableTestSuite.test03Recordset()V+72
j  org.judal.bdb.test.TestBDBAsTable.test03Recordset()V+1
v  ~StubRoutines::call_stub
j  sun.reflect.NativeMethodAccessorImpl.invoke0(Ljava/lang/reflect/Method;Ljava/lang/Object;[Ljava/lang/Object;)Ljava/lang/Object;+0
j  sun.reflect.NativeMethodAccessorImpl.invoke(Ljava/lang/Object;[Ljava/lang/Object;)Ljava/lang/Object;+100
j  sun.reflect.DelegatingMethodAccessorImpl.invoke(Ljava/lang/Object;[Ljava/lang/Object;)Ljava/lang/Object;+6
j  java.lang.reflect.Method.invoke(Ljava/lang/Object;[Ljava/lang/Object;)Ljava/lang/Object;+56
j  org.junit.runners.model.FrameworkMethod$1.runReflectiveCall()Ljava/lang/Object;+15
j  org.junit.internal.runners.model.ReflectiveCallable.run()Ljava/lang/Object;+1
j  org.junit.runners.model.FrameworkMethod.invokeExplosively(Ljava/lang/Object;[Ljava/lang/Object;)Ljava/lang/Object;+10
j  org.junit.internal.runners.statements.InvokeMethod.evaluate()V+12
j  org.junit.runners.ParentRunner.runLeaf(Lorg/junit/runners/model/Statement;Lorg/junit/runner/Description;Lorg/junit/runner/notification/RunNotifier;)V+17
j  org.junit.runners.BlockJUnit4ClassRunner.runChild(Lorg/junit/runners/model/FrameworkMethod;Lorg/junit/runner/notification/RunNotifier;)V+32
j  org.junit.runners.BlockJUnit4ClassRunner.runChild(Ljava/lang/Object;Lorg/junit/runner/notification/RunNotifier;)V+6
j  org.junit.runners.ParentRunner$3.run()V+12
j  org.junit.runners.ParentRunner$1.schedule(Ljava/lang/Runnable;)V+1
j  org.junit.runners.ParentRunner.runChildren(Lorg/junit/runner/notification/RunNotifier;)V+40
j  org.junit.runners.ParentRunner.access$000(Lorg/junit/runners/ParentRunner;Lorg/junit/runner/notification/RunNotifier;)V+2
j  org.junit.runners.ParentRunner$2.evaluate()V+8
j  org.junit.internal.runners.statements.RunBefores.evaluate()V+49
j  org.junit.internal.runners.statements.RunAfters.evaluate()V+12
j  org.junit.runners.ParentRunner.run(Lorg/junit/runner/notification/RunNotifier;)V+20
j  org.apache.maven.surefire.junit4.JUnit4Provider.execute(Ljava/lang/Class;Lorg/junit/runner/notification/RunNotifier;[Ljava/lang/String;)V+116
j  org.apache.maven.surefire.junit4.JUnit4Provider.executeTestSet(Ljava/lang/Class;Lorg/apache/maven/surefire/report/RunListener;Lorg/junit/runner/notification/RunNotifier;)V+70
j  org.apache.maven.surefire.junit4.JUnit4Provider.invoke(Ljava/lang/Object;)Lorg/apache/maven/surefire/suite/RunResult;+158
j  org.apache.maven.surefire.booter.ForkedBooter.invokeProviderInSameClassLoader(Ljava/lang/Object;Ljava/lang/Object;Lorg/apache/maven/surefire/booter/ProviderConfiguration;ZLorg/apache/maven/surefire/booter/StartupConfiguration;Z)Lorg/apache/maven/surefire/suite/RunResult;+23
j  org.apache.maven.surefire.booter.ForkedBooter.runSuitesInProcess(Ljava/lang/Object;Lorg/apache/maven/surefire/booter/StartupConfiguration;Lorg/apache/maven/surefire/booter/ProviderConfiguration;Ljava/io/PrintStream;)Lorg/apache/maven/surefire/suite/RunResult;+14
j  org.apache.maven.surefire.booter.ForkedBooter.main([Ljava/lang/String;)V+183
v  ~StubRoutines::call_stub

---------------  P R O C E S S  ---------------

Java Threads: ( => current thread )
  0x00007f4cbc0eb800 JavaThread "Service Thread" daemon [_thread_blocked, id=4821, stack(0x00007f4cac025000,0x00007f4cac126000)]
  0x00007f4cbc0ce800 JavaThread "C1 CompilerThread2" daemon [_thread_blocked, id=4820, stack(0x00007f4cac126000,0x00007f4cac227000)]
  0x00007f4cbc0cc000 JavaThread "C2 CompilerThread1" daemon [_thread_blocked, id=4819, stack(0x00007f4cac227000,0x00007f4cac328000)]
  0x00007f4cbc0ca000 JavaThread "C2 CompilerThread0" daemon [_thread_blocked, id=4818, stack(0x00007f4c9a06e000,0x00007f4c9a16f000)]
  0x00007f4cbc0c8000 JavaThread "Signal Dispatcher" daemon [_thread_blocked, id=4817, stack(0x00007f4cac328000,0x00007f4cac429000)]
  0x00007f4cbc098800 JavaThread "Finalizer" daemon [_thread_blocked, id=4816, stack(0x00007f4cac429000,0x00007f4cac52a000)]
  0x00007f4cbc094800 JavaThread "Reference Handler" daemon [_thread_blocked, id=4815, stack(0x00007f4cac52a000,0x00007f4cac62b000)]
=>0x00007f4cbc008800 JavaThread "main" [_thread_in_native, id=4813, stack(0x00007f4cc2d0d000,0x00007f4cc2e0e000)]

Other Threads:
  0x00007f4cbc08f800 VMThread [stack: 0x00007f4cc003a000,0x00007f4cc013b000] [id=4814]
  0x00007f4cbc0ee800 WatcherThread [stack: 0x00007f4c99f6d000,0x00007f4c9a06e000] [id=4822]

VM state:not at safepoint (normal execution)

VM Mutex/Monitor currently owned by a thread: None

Heap:
 def new generation   total 1152K, used 957K [0x00000000f4600000, 0x00000000f4740000, 0x00000000f8400000)
  eden space 1024K,  81% used [0x00000000f4600000, 0x00000000f46cf7c8, 0x00000000f4700000)
  from space 128K, 100% used [0x00000000f4700000, 0x00000000f4720000, 0x00000000f4720000)
  to   space 128K,   0% used [0x00000000f4720000, 0x00000000f4720000, 0x00000000f4740000)
 tenured generation   total 11008K, used 1807K [0x00000000f8400000, 0x00000000f8ec0000, 0x0000000100000000)
   the space 11008K,  16% used [0x00000000f8400000, 0x00000000f85c3dc8, 0x00000000f85c3e00, 0x00000000f8ec0000)
 Metaspace       used 6437K, capacity 6540K, committed 6656K, reserved 1056768K
  class space    used 733K, capacity 762K, committed 768K, reserved 1048576K

Card table byte_map: [0x00007f4cc2ca7000,0x00007f4cc2d05000] byte_map_base: 0x00007f4cc2504000

Polling page: 0x00007f4cc2e18000

CodeCache: size=245760Kb used=2243Kb max_used=2244Kb free=243516Kb
 bounds [0x00007f4cad000000, 0x00007f4cad270000, 0x00007f4cbc000000]
 total_blobs=827 nmethods=477 adapters=266
 compilation: enabled

Compilation events (10 events):
Event: 1.487 Thread 0x00007f4cbc0ce800  472       3       java.nio.Buffer::limit (62 bytes)
Event: 1.488 Thread 0x00007f4cbc0ce800 nmethod 472 0x00007f4cad22e650 code [0x00007f4cad22e7c0, 0x00007f4cad22eaa8]
Event: 1.489 Thread 0x00007f4cbc0ca000  473       4       java.io.UnixFileSystem::normalize (75 bytes)
Event: 1.493 Thread 0x00007f4cbc0ca000 nmethod 473 0x00007f4cad2319d0 code [0x00007f4cad231b40, 0x00007f4cad231d98]
Event: 1.553 Thread 0x00007f4cbc0ce800  474       3       java.lang.Long::longValue (5 bytes)
Event: 1.553 Thread 0x00007f4cbc0ce800 nmethod 474 0x00007f4cad224410 code [0x00007f4cad224560, 0x00007f4cad2246b0]
Event: 1.559 Thread 0x00007f4cbc0ce800  476       3       java.nio.Buffer::<init> (121 bytes)
Event: 1.560 Thread 0x00007f4cbc0ce800 nmethod 476 0x00007f4cad22f710 code [0x00007f4cad22f9c0, 0x00007f4cad230d68]
Event: 1.564 Thread 0x00007f4cbc0ce800  477       3       java.lang.String::valueOf (14 bytes)
Event: 1.564 Thread 0x00007f4cbc0ce800 nmethod 477 0x00007f4cad22f290 code [0x00007f4cad22f400, 0x00007f4cad22f648]

GC Heap History (10 events):
Event: 0.762 GC heap before
{Heap before GC invocations=5 (full 0):
 def new generation   total 1152K, used 1136K [0x00000000f4600000, 0x00000000f4740000, 0x00000000f8400000)
  eden space 1024K,  98% used [0x00000000f4600000, 0x00000000f46fc398, 0x00000000f4700000)
  from space 128K,  99% used [0x00000000f4720000, 0x00000000f473ffe8, 0x00000000f4740000)
  to   space 128K,   0% used [0x00000000f4700000, 0x00000000f4700000, 0x00000000f4720000)
 tenured generation   total 11008K, used 990K [0x00000000f8400000, 0x00000000f8ec0000, 0x0000000100000000)
   the space 11008K,   8% used [0x00000000f8400000, 0x00000000f84f7930, 0x00000000f84f7a00, 0x00000000f8ec0000)
 Metaspace       used 4294K, capacity 5376K, committed 5504K, reserved 1056768K
  class space    used 515K, capacity 560K, committed 640K, reserved 1048576K
Event: 0.763 GC heap after
Heap after GC invocations=6 (full 0):
 def new generation   total 1152K, used 128K [0x00000000f4600000, 0x00000000f4740000, 0x00000000f8400000)
  eden space 1024K,   0% used [0x00000000f4600000, 0x00000000f4600000, 0x00000000f4700000)
  from space 128K, 100% used [0x00000000f4700000, 0x00000000f4720000, 0x00000000f4720000)
  to   space 128K,   0% used [0x00000000f4720000, 0x00000000f4720000, 0x00000000f4740000)
 tenured generation   total 11008K, used 1101K [0x00000000f8400000, 0x00000000f8ec0000, 0x0000000100000000)
   the space 11008K,  10% used [0x00000000f8400000, 0x00000000f8513410, 0x00000000f8513600, 0x00000000f8ec0000)
 Metaspace       used 4294K, capacity 5376K, committed 5504K, reserved 1056768K
  class space    used 515K, capacity 560K, committed 640K, reserved 1048576K
}
Event: 0.835 GC heap before
{Heap before GC invocations=6 (full 0):
 def new generation   total 1152K, used 1146K [0x00000000f4600000, 0x00000000f4740000, 0x00000000f8400000)
  eden space 1024K,  99% used [0x00000000f4600000, 0x00000000f46fe8e0, 0x00000000f4700000)
  from space 128K, 100% used [0x00000000f4700000, 0x00000000f4720000, 0x00000000f4720000)
  to   space 128K,   0% used [0x00000000f4720000, 0x00000000f4720000, 0x00000000f4740000)
 tenured generation   total 11008K, used 1101K [0x00000000f8400000, 0x00000000f8ec0000, 0x0000000100000000)
   the space 11008K,  10% used [0x00000000f8400000, 0x00000000f8513410, 0x00000000f8513600, 0x00000000f8ec0000)
 Metaspace       used 4837K, capacity 5600K, committed 5760K, reserved 1056768K
  class space    used 574K, capacity 592K, committed 640K, reserved 1048576K
Event: 0.837 GC heap after
Heap after GC invocations=7 (full 0):
 def new generation   total 1152K, used 128K [0x00000000f4600000, 0x00000000f4740000, 0x00000000f8400000)
  eden space 1024K,   0% used [0x00000000f4600000, 0x00000000f4600000, 0x00000000f4700000)
  from space 128K, 100% used [0x00000000f4720000, 0x00000000f4740000, 0x00000000f4740000)
  to   space 128K,   0% used [0x00000000f4700000, 0x00000000f4700000, 0x00000000f4720000)
 tenured generation   total 11008K, used 1328K [0x00000000f8400000, 0x00000000f8ec0000, 0x0000000100000000)
   the space 11008K,  12% used [0x00000000f8400000, 0x00000000f854c120, 0x00000000f854c200, 0x00000000f8ec0000)
 Metaspace       used 4837K, capacity 5600K, committed 5760K, reserved 1056768K
  class space    used 574K, capacity 592K, committed 640K, reserved 1048576K
}
Event: 0.918 GC heap before
{Heap before GC invocations=7 (full 0):
 def new generation   total 1152K, used 1152K [0x00000000f4600000, 0x00000000f4740000, 0x00000000f8400000)
  eden space 1024K, 100% used [0x00000000f4600000, 0x00000000f4700000, 0x00000000f4700000)
  from space 128K, 100% used [0x00000000f4720000, 0x00000000f4740000, 0x00000000f4740000)
  to   space 128K,   0% used [0x00000000f4700000, 0x00000000f4700000, 0x00000000f4720000)
 tenured generation   total 11008K, used 1328K [0x00000000f8400000, 0x00000000f8ec0000, 0x0000000100000000)
   the space 11008K,  12% used [0x00000000f8400000, 0x00000000f854c120, 0x00000000f854c200, 0x00000000f8ec0000)
 Metaspace       used 5191K, capacity 5952K, committed 6016K, reserved 1056768K
  class space    used 597K, capacity 624K, committed 640K, reserved 1048576K
Event: 0.919 GC heap after
Heap after GC invocations=8 (full 0):
 def new generation   total 1152K, used 127K [0x00000000f4600000, 0x00000000f4740000, 0x00000000f8400000)
  eden space 1024K,   0% used [0x00000000f4600000, 0x00000000f4600000, 0x00000000f4700000)
  from space 128K,  99% used [0x00000000f4700000, 0x00000000f471ffe0, 0x00000000f4720000)
  to   space 128K,   0% used [0x00000000f4720000, 0x00000000f4720000, 0x00000000f4740000)
 tenured generation   total 11008K, used 1504K [0x00000000f8400000, 0x00000000f8ec0000, 0x0000000100000000)
   the space 11008K,  13% used [0x00000000f8400000, 0x00000000f85781e0, 0x00000000f8578200, 0x00000000f8ec0000)
 Metaspace       used 5191K, capacity 5952K, committed 6016K, reserved 1056768K
  class space    used 597K, capacity 624K, committed 640K, reserved 1048576K
}
Event: 1.183 GC heap before
{Heap before GC invocations=8 (full 0):
 def new generation   total 1152K, used 1151K [0x00000000f4600000, 0x00000000f4740000, 0x00000000f8400000)
  eden space 1024K, 100% used [0x00000000f4600000, 0x00000000f4700000, 0x00000000f4700000)
  from space 128K,  99% used [0x00000000f4700000, 0x00000000f471ffe0, 0x00000000f4720000)
  to   space 128K,   0% used [0x00000000f4720000, 0x00000000f4720000, 0x00000000f4740000)
 tenured generation   total 11008K, used 1504K [0x00000000f8400000, 0x00000000f8ec0000, 0x0000000100000000)
   the space 11008K,  13% used [0x00000000f8400000, 0x00000000f85781e0, 0x00000000f8578200, 0x00000000f8ec0000)
 Metaspace       used 5382K, capacity 6112K, committed 6400K, reserved 1056768K
  class space    used 626K, capacity 656K, committed 768K, reserved 1048576K
Event: 1.184 GC heap after
Heap after GC invocations=9 (full 0):
 def new generation   total 1152K, used 128K [0x00000000f4600000, 0x00000000f4740000, 0x00000000f8400000)
  eden space 1024K,   0% used [0x00000000f4600000, 0x00000000f4600000, 0x00000000f4700000)
  from space 128K, 100% used [0x00000000f4720000, 0x00000000f4740000, 0x00000000f4740000)
  to   space 128K,   0% used [0x00000000f4700000, 0x00000000f4700000, 0x00000000f4720000)
 tenured generation   total 11008K, used 1570K [0x00000000f8400000, 0x00000000f8ec0000, 0x0000000100000000)
   the space 11008K,  14% used [0x00000000f8400000, 0x00000000f8588a00, 0x00000000f8588a00, 0x00000000f8ec0000)
 Metaspace       used 5382K, capacity 6112K, committed 6400K, reserved 1056768K
  class space    used 626K, capacity 656K, committed 768K, reserved 1048576K
}
Event: 1.372 GC heap before
{Heap before GC invocations=9 (full 0):
 def new generation   total 1152K, used 1152K [0x00000000f4600000, 0x00000000f4740000, 0x00000000f8400000)
  eden space 1024K, 100% used [0x00000000f4600000, 0x00000000f4700000, 0x00000000f4700000)
  from space 128K, 100% used [0x00000000f4720000, 0x00000000f4740000, 0x00000000f4740000)
  to   space 128K,   0% used [0x00000000f4700000, 0x00000000f4700000, 0x00000000f4720000)
 tenured generation   total 11008K, used 1570K [0x00000000f8400000, 0x00000000f8ec0000, 0x0000000100000000)
   the space 11008K,  14% used [0x00000000f8400000, 0x00000000f8588a00, 0x00000000f8588a00, 0x00000000f8ec0000)
 Metaspace       used 6242K, capacity 6362K, committed 6656K, reserved 1056768K
  class space    used 714K, capacity 727K, committed 768K, reserved 1048576K
Event: 1.374 GC heap after
Heap after GC invocations=10 (full 0):
 def new generation   total 1152K, used 128K [0x00000000f4600000, 0x00000000f4740000, 0x00000000f8400000)
  eden space 1024K,   0% used [0x00000000f4600000, 0x00000000f4600000, 0x00000000f4700000)
  from space 128K, 100% used [0x00000000f4700000, 0x00000000f4720000, 0x00000000f4720000)
  to   space 128K,   0% used [0x00000000f4720000, 0x00000000f4720000, 0x00000000f4740000)
 tenured generation   total 11008K, used 1807K [0x00000000f8400000, 0x00000000f8ec0000, 0x0000000100000000)
   the space 11008K,  16% used [0x00000000f8400000, 0x00000000f85c3dc8, 0x00000000f85c3e00, 0x00000000f8ec0000)
 Metaspace       used 6242K, capacity 6362K, committed 6656K, reserved 1056768K
  class space    used 714K, capacity 727K, committed 768K, reserved 1048576K
}

Deoptimization events (1 events):
Event: 0.808 Thread 0x00007f4cbc008800 Uncommon trap: reason=unreached action=reinterpret pc=0x00007f4cad1caffc method=java.lang.AbstractStringBuilder.append(Ljava/lang/String;)Ljava/lang/AbstractStringBuilder; @ 1

Internal exceptions (10 events):
Event: 1.326 Thread 0x00007f4cbc008800 Exception <a 'java/security/PrivilegedActionException'> (0x00000000f4687e08) thrown at [/HUDSON/workspace/8-2-build-linux-amd64/jdk8u5/2488/hotspot/src/share/vm/prims/jvm.cpp, line 1248]
Event: 1.340 Thread 0x00007f4cbc008800 Exception <a 'java/lang/NoSuchMethodError': <clinit>> (0x00000000f4697680) thrown at [/HUDSON/workspace/8-2-build-linux-amd64/jdk8u5/2488/hotspot/src/share/vm/prims/jni.cpp, line 1599]
Event: 1.377 Thread 0x00007f4cbc008800 Exception <a 'java/lang/NoSuchMethodError': <clinit>> (0x00000000f4606d58) thrown at [/HUDSON/workspace/8-2-build-linux-amd64/jdk8u5/2488/hotspot/src/share/vm/prims/jni.cpp, line 1599]
Event: 1.478 Thread 0x00007f4cbc008800 Exception <a 'java/security/PrivilegedActionException'> (0x00000000f4676158) thrown at [/HUDSON/workspace/8-2-build-linux-amd64/jdk8u5/2488/hotspot/src/share/vm/prims/jvm.cpp, line 1248]
Event: 1.482 Thread 0x00007f4cbc008800 Exception <a 'java/security/PrivilegedActionException'> (0x00000000f4679830) thrown at [/HUDSON/workspace/8-2-build-linux-amd64/jdk8u5/2488/hotspot/src/share/vm/prims/jvm.cpp, line 1248]
Event: 1.484 Thread 0x00007f4cbc008800 Exception <a 'java/security/PrivilegedActionException'> (0x00000000f4680ac0) thrown at [/HUDSON/workspace/8-2-build-linux-amd64/jdk8u5/2488/hotspot/src/share/vm/prims/jvm.cpp, line 1248]
Event: 1.488 Thread 0x00007f4cbc008800 Exception <a 'java/security/PrivilegedActionException'> (0x00000000f4687fd8) thrown at [/HUDSON/workspace/8-2-build-linux-amd64/jdk8u5/2488/hotspot/src/share/vm/prims/jvm.cpp, line 1248]
Event: 1.494 Thread 0x00007f4cbc008800 Exception <a 'java/security/PrivilegedActionException'> (0x00000000f469b8c0) thrown at [/HUDSON/workspace/8-2-build-linux-amd64/jdk8u5/2488/hotspot/src/share/vm/prims/jvm.cpp, line 1248]
Event: 1.500 Thread 0x00007f4cbc008800 Exception <a 'java/security/PrivilegedActionException'> (0x00000000f46a4a30) thrown at [/HUDSON/workspace/8-2-build-linux-amd64/jdk8u5/2488/hotspot/src/share/vm/prims/jvm.cpp, line 1248]
Event: 1.554 Thread 0x00007f4cbc008800 Exception <a 'java/security/PrivilegedActionException'> (0x00000000f46b5108) thrown at [/HUDSON/workspace/8-2-build-linux-amd64/jdk8u5/2488/hotspot/src/share/vm/prims/jvm.cpp, line 1248]

Events (10 events):
Event: 1.554 loading class java/io/ObjectInputStream$GetFieldImpl
Event: 1.554 loading class java/io/ObjectInputStream$GetField
Event: 1.554 loading class java/io/ObjectInputStream$GetField done
Event: 1.554 loading class java/io/ObjectInputStream$GetFieldImpl done
Event: 1.554 loading class java/math/BigInteger$UnsafeHolder
Event: 1.554 loading class java/math/BigInteger$UnsafeHolder done
Event: 1.554 loading class org/judal/storage/RecordFactory
Event: 1.554 loading class org/judal/storage/RecordFactory done
Event: 1.559 loading class java/util/LinkedHashMap$LinkedKeyIterator
Event: 1.559 loading class java/util/LinkedHashMap$LinkedKeyIterator done


Dynamic libraries:
00400000-00401000 r-xp 00000000 08:01 1975344                            /usr/java/jdk1.8.0_05/jre/bin/java
00600000-00601000 rw-p 00000000 08:01 1975344                            /usr/java/jdk1.8.0_05/jre/bin/java
00747000-00768000 rw-p 00000000 00:00 0                                  [heap]
f4600000-f4740000 rw-p 00000000 00:00 0 
f4740000-f8400000 ---p 00000000 00:00 0 
f8400000-f8ec0000 rw-p 00000000 00:00 0 
f8ec0000-100000000 ---p 00000000 00:00 0 
100000000-1000c0000 rw-p 00000000 00:00 0 
1000c0000-140000000 ---p 00000000 00:00 0 
7f4c7c000000-7f4c7c021000 rw-p 00000000 00:00 0 
7f4c7c021000-7f4c80000000 ---p 00000000 00:00 0 
7f4c84000000-7f4c84286000 rw-p 00000000 00:00 0 
7f4c84286000-7f4c88000000 ---p 00000000 00:00 0 
7f4c88000000-7f4c88021000 rw-p 00000000 00:00 0 
7f4c88021000-7f4c8c000000 ---p 00000000 00:00 0 
7f4c8c000000-7f4c8c15a000 rw-p 00000000 00:00 0 
7f4c8c15a000-7f4c90000000 ---p 00000000 00:00 0 
7f4c90000000-7f4c900f5000 rw-p 00000000 00:00 0 
7f4c900f5000-7f4c94000000 ---p 00000000 00:00 0 
7f4c94000000-7f4c94021000 rw-p 00000000 00:00 0 
7f4c94021000-7f4c98000000 ---p 00000000 00:00 0 
7f4c99982000-7f4c99987000 r--s 00092000 08:01 1975522                    /usr/java/jdk1.8.0_05/jre/lib/jsse.jar
7f4c99987000-7f4c9998e000 r--s 00000000 08:01 2229878                    /usr/lib64/gconv/gconv-modules.cache
7f4c9998e000-7f4c999d0000 rw-s 00000000 08:01 1572874                    /tmp/__db.003
7f4c999d0000-7f4c99a0a000 rw-s 00000000 08:01 1572873                    /tmp/__db.002
7f4c99a0a000-7f4c99b0c000 rw-s 00000000 08:01 1572872                    /tmp/__db.001
7f4c99b0c000-7f4c99d24000 r-xp 00000000 08:01 272815                     /usr/share/db-6.1.19/build_unix/.libs/libdb_java-6.1.so
7f4c99d24000-7f4c99f24000 ---p 00218000 08:01 272815                     /usr/share/db-6.1.19/build_unix/.libs/libdb_java-6.1.so
7f4c99f24000-7f4c99f33000 rw-p 00218000 08:01 272815                     /usr/share/db-6.1.19/build_unix/.libs/libdb_java-6.1.so
7f4c99f33000-7f4c99f3e000 r--s 0021a000 08:01 1975423                    /usr/java/jdk1.8.0_05/jre/lib/ext/localedata.jar
7f4c99f3e000-7f4c99f60000 r--s 0038e000 08:01 1975471                    /usr/java/jdk1.8.0_05/jre/lib/ext/cldrdata.jar
7f4c99f60000-7f4c99f62000 r--s 0000e000 08:01 394052                     /home/vagrant/.m2/repository/org/apache/maven/surefire/surefire-junit4/2.16/surefire-junit4-2.16.jar
7f4c99f62000-7f4c99f64000 r--s 00009000 08:01 393504                     /home/vagrant/.m2/repository/org/hamcrest/hamcrest-core/1.3/hamcrest-core-1.3.jar
7f4c99f64000-7f4c99f6a000 r--s 00036000 08:01 393502                     /home/vagrant/.m2/repository/junit/junit/4.11/junit-4.11.jar
7f4c99f6a000-7f4c99f6d000 r--s 00012000 08:01 393368                     /home/vagrant/.m2/repository/javax/servlet/javax.servlet-api/3.0.1/javax.servlet-api-3.0.1.jar
7f4c99f6d000-7f4c99f6e000 ---p 00000000 00:00 0 
7f4c99f6e000-7f4c9a06e000 rw-p 00000000 00:00 0 
7f4c9a06e000-7f4c9a071000 ---p 00000000 00:00 0 
7f4c9a071000-7f4c9a16f000 rw-p 00000000 00:00 0 
7f4c9a16f000-7f4ca0000000 r--p 00000000 08:01 1966820                    /usr/lib/locale/locale-archive
7f4ca0000000-7f4ca0021000 rw-p 00000000 00:00 0 
7f4ca0021000-7f4ca4000000 ---p 00000000 00:00 0 
7f4ca4000000-7f4ca4021000 rw-p 00000000 00:00 0 
7f4ca4021000-7f4ca8000000 ---p 00000000 00:00 0 
7f4ca8000000-7f4ca8021000 rw-p 00000000 00:00 0 
7f4ca8021000-7f4cac000000 ---p 00000000 00:00 0 
7f4cac000000-7f4cac00a000 r--s 00093000 08:01 393362                     /home/vagrant/.m2/repository/com/sleepycat/db/6.1.19-nix/db-6.1.19-nix.jar
7f4cac00a000-7f4cac023000 r--s 0015e000 08:01 393369                     /home/vagrant/.m2/repository/org/apache/lucene/lucene-core/3.6.0/lucene-core-3.6.0.jar
7f4cac023000-7f4cac025000 r--s 00008000 08:01 393367                     /home/vagrant/.m2/repository/javax/jms/jms-api/1.1-rev-1/jms-api-1.1-rev-1.jar
7f4cac025000-7f4cac028000 ---p 00000000 00:00 0 
7f4cac028000-7f4cac126000 rw-p 00000000 00:00 0 
7f4cac126000-7f4cac129000 ---p 00000000 00:00 0 
7f4cac129000-7f4cac227000 rw-p 00000000 00:00 0 
7f4cac227000-7f4cac22a000 ---p 00000000 00:00 0 
7f4cac22a000-7f4cac328000 rw-p 00000000 00:00 0 
7f4cac328000-7f4cac32b000 ---p 00000000 00:00 0 
7f4cac32b000-7f4cac429000 rw-p 00000000 00:00 0 
7f4cac429000-7f4cac42c000 ---p 00000000 00:00 0 
7f4cac42c000-7f4cac52a000 rw-p 00000000 00:00 0 
7f4cac52a000-7f4cac52d000 ---p 00000000 00:00 0 
7f4cac52d000-7f4cac62b000 rw-p 00000000 00:00 0 
7f4cac62b000-7f4cac800000 r--s 03c4d000 08:01 1975527                    /usr/java/jdk1.8.0_05/jre/lib/rt.jar
7f4cac800000-7f4cacdc0000 rw-p 00000000 00:00 0 
7f4cacdc0000-7f4cad000000 ---p 00000000 00:00 0 
7f4cad000000-7f4cad270000 rwxp 00000000 00:00 0 
7f4cad270000-7f4cbc000000 ---p 00000000 00:00 0 
7f4cbc000000-7f4cbc407000 rw-p 00000000 00:00 0 
7f4cbc407000-7f4cc0000000 ---p 00000000 00:00 0 
7f4cc0000000-7f4cc0004000 r--s 00010000 08:01 393499                     /home/vagrant/.m2/repository/xml-apis/xmlParserAPIs/2.0.2/xmlParserAPIs-2.0.2.jar
7f4cc0004000-7f4cc001d000 r--s 00135000 08:01 393494                     /home/vagrant/.m2/repository/xerces/xercesImpl/2.11.0/xercesImpl-2.11.0.jar
7f4cc001d000-7f4cc003a000 r--s 0017c000 08:01 393495                     /home/vagrant/.m2/repository/org/apache/poi/poi/3.7/poi-3.7.jar
7f4cc003a000-7f4cc003b000 ---p 00000000 00:00 0 
7f4cc003b000-7f4cc0265000 rw-p 00000000 00:00 0 
7f4cc0265000-7f4cc061b000 ---p 00000000 00:00 0 
7f4cc061b000-7f4cc0637000 r-xp 00000000 08:01 1975416                    /usr/java/jdk1.8.0_05/jre/lib/amd64/libzip.so
7f4cc0637000-7f4cc0836000 ---p 0001c000 08:01 1975416                    /usr/java/jdk1.8.0_05/jre/lib/amd64/libzip.so
7f4cc0836000-7f4cc0837000 rw-p 0001b000 08:01 1975416                    /usr/java/jdk1.8.0_05/jre/lib/amd64/libzip.so
7f4cc0837000-7f4cc0843000 r-xp 00000000 08:01 2229589                    /lib64/libnss_files-2.12.so
7f4cc0843000-7f4cc0a43000 ---p 0000c000 08:01 2229589                    /lib64/libnss_files-2.12.so
7f4cc0a43000-7f4cc0a44000 r--p 0000c000 08:01 2229589                    /lib64/libnss_files-2.12.so
7f4cc0a44000-7f4cc0a45000 rw-p 0000d000 08:01 2229589                    /lib64/libnss_files-2.12.so
7f4cc0a45000-7f4cc0a6f000 r-xp 00000000 08:01 1975381                    /usr/java/jdk1.8.0_05/jre/lib/amd64/libjava.so
7f4cc0a6f000-7f4cc0c6f000 ---p 0002a000 08:01 1975381                    /usr/java/jdk1.8.0_05/jre/lib/amd64/libjava.so
7f4cc0c6f000-7f4cc0c71000 rw-p 0002a000 08:01 1975381                    /usr/java/jdk1.8.0_05/jre/lib/amd64/libjava.so
7f4cc0c71000-7f4cc0c7e000 r-xp 00000000 08:01 1975415                    /usr/java/jdk1.8.0_05/jre/lib/amd64/libverify.so
7f4cc0c7e000-7f4cc0e7e000 ---p 0000d000 08:01 1975415                    /usr/java/jdk1.8.0_05/jre/lib/amd64/libverify.so
7f4cc0e7e000-7f4cc0e80000 rw-p 0000d000 08:01 1975415                    /usr/java/jdk1.8.0_05/jre/lib/amd64/libverify.so
7f4cc0e80000-7f4cc0e87000 r-xp 00000000 08:01 2229601                    /lib64/librt-2.12.so
7f4cc0e87000-7f4cc1086000 ---p 00007000 08:01 2229601                    /lib64/librt-2.12.so
7f4cc1086000-7f4cc1087000 r--p 00006000 08:01 2229601                    /lib64/librt-2.12.so
7f4cc1087000-7f4cc1088000 rw-p 00007000 08:01 2229601                    /lib64/librt-2.12.so
7f4cc1088000-7f4cc110b000 r-xp 00000000 08:01 2229581                    /lib64/libm-2.12.so
7f4cc110b000-7f4cc130a000 ---p 00083000 08:01 2229581                    /lib64/libm-2.12.so
7f4cc130a000-7f4cc130b000 r--p 00082000 08:01 2229581                    /lib64/libm-2.12.so
7f4cc130b000-7f4cc130c000 rw-p 00083000 08:01 2229581                    /lib64/libm-2.12.so
7f4cc130c000-7f4cc1f26000 r-xp 00000000 08:01 1975420                    /usr/java/jdk1.8.0_05/jre/lib/amd64/server/libjvm.so
7f4cc1f26000-7f4cc2125000 ---p 00c1a000 08:01 1975420                    /usr/java/jdk1.8.0_05/jre/lib/amd64/server/libjvm.so
7f4cc2125000-7f4cc21ee000 rw-p 00c19000 08:01 1975420                    /usr/java/jdk1.8.0_05/jre/lib/amd64/server/libjvm.so
7f4cc21ee000-7f4cc222f000 rw-p 00000000 00:00 0 
7f4cc222f000-7f4cc23ba000 r-xp 00000000 08:01 2229573                    /lib64/libc-2.12.so
7f4cc23ba000-7f4cc25b9000 ---p 0018b000 08:01 2229573                    /lib64/libc-2.12.so
7f4cc25b9000-7f4cc25bd000 r--p 0018a000 08:01 2229573                    /lib64/libc-2.12.so
7f4cc25bd000-7f4cc25be000 rw-p 0018e000 08:01 2229573                    /lib64/libc-2.12.so
7f4cc25be000-7f4cc25c3000 rw-p 00000000 00:00 0 
7f4cc25c3000-7f4cc25c5000 r-xp 00000000 08:01 2229579                    /lib64/libdl-2.12.so
7f4cc25c5000-7f4cc27c5000 ---p 00002000 08:01 2229579                    /lib64/libdl-2.12.so
7f4cc27c5000-7f4cc27c6000 r--p 00002000 08:01 2229579                    /lib64/libdl-2.12.so
7f4cc27c6000-7f4cc27c7000 rw-p 00003000 08:01 2229579                    /lib64/libdl-2.12.so
7f4cc27c7000-7f4cc27de000 r-xp 00000000 08:01 1975360                    /usr/java/jdk1.8.0_05/jre/lib/amd64/jli/libjli.so
7f4cc27de000-7f4cc29dd000 ---p 00017000 08:01 1975360                    /usr/java/jdk1.8.0_05/jre/lib/amd64/jli/libjli.so
7f4cc29dd000-7f4cc29de000 rw-p 00016000 08:01 1975360                    /usr/java/jdk1.8.0_05/jre/lib/amd64/jli/libjli.so
7f4cc29de000-7f4cc29f5000 r-xp 00000000 08:01 2229597                    /lib64/libpthread-2.12.so
7f4cc29f5000-7f4cc2bf5000 ---p 00017000 08:01 2229597                    /lib64/libpthread-2.12.so
7f4cc2bf5000-7f4cc2bf6000 r--p 00017000 08:01 2229597                    /lib64/libpthread-2.12.so
7f4cc2bf6000-7f4cc2bf7000 rw-p 00018000 08:01 2229597                    /lib64/libpthread-2.12.so
7f4cc2bf7000-7f4cc2bfb000 rw-p 00000000 00:00 0 
7f4cc2bfb000-7f4cc2c1b000 r-xp 00000000 08:01 2229566                    /lib64/ld-2.12.so
7f4cc2c1b000-7f4cc2c24000 r--s 0002d000 08:01 393498                     /home/vagrant/.m2/repository/xml-apis/xml-apis/1.4.01/xml-apis-1.4.01.jar
7f4cc2c24000-7f4cc2c25000 r--s 00003000 08:01 393488                     /home/vagrant/.m2/repository/javax/transaction/transaction-api/1.1/transaction-api-1.1.jar
7f4cc2c25000-7f4cc2c2a000 r--s 00032000 08:01 393491                     /home/vagrant/.m2/repository/javax/jdo/jdo-api/3.1/jdo-api-3.1.jar
7f4cc2c2a000-7f4cc2c2c000 r--s 00006000 08:01 393489                     /home/vagrant/.m2/repository/javax/transaction/javax.transaction-api/1.2/javax.transaction-api-1.2.jar
7f4cc2c2c000-7f4cc2c2f000 r--s 00021000 08:01 393490                     /home/vagrant/.m2/repository/org/apache/logging/log4j/log4j-api/2.5/log4j-api-2.5.jar
7f4cc2c2f000-7f4cc2c47000 r--s 000f7000 08:01 393487                     /home/vagrant/.m2/repository/org/apache/logging/log4j/log4j-core/2.5/log4j-core-2.5.jar
7f4cc2c47000-7f4cc2c4b000 r--s 0002e000 08:01 394038                     /home/vagrant/.m2/repository/org/judal/core/1.0/core-1.0.jar
7f4cc2c4b000-7f4cc2c4f000 r--s 00021000 08:01 393938                     /home/vagrant/.m2/repository/org/apache/maven/surefire/surefire-api/2.16/surefire-api-2.16.jar
7f4cc2c4f000-7f4cc2c51000 r--s 00008000 08:01 393931                     /home/vagrant/.m2/repository/org/apache/maven/surefire/surefire-booter/2.16/surefire-booter-2.16.jar
7f4cc2c51000-7f4cc2c52000 r--s 00000000 00:12 702                        /vagrant/judal/bdb/target/surefire/surefirebooter4458134610919413157.jar
7f4cc2c52000-7f4cc2c54000 r--s 0000a000 08:01 1975543                    /usr/java/jdk1.8.0_05/jre/lib/ext/mlibwrapper_jai.jar
7f4cc2c54000-7f4cc2c68000 r--s 001bd000 08:01 1975541                    /usr/java/jdk1.8.0_05/jre/lib/ext/jai_core.jar
7f4cc2c68000-7f4cc2c6e000 rw-p 00000000 00:00 0 
7f4cc2c6e000-7f4cc2ca7000 ---p 00000000 00:00 0 
7f4cc2ca7000-7f4cc2ca8000 rw-p 00000000 00:00 0 
7f4cc2ca8000-7f4cc2cc6000 ---p 00000000 00:00 0 
7f4cc2cc6000-7f4cc2ccc000 rw-p 00000000 00:00 0 
7f4cc2ccc000-7f4cc2d04000 ---p 00000000 00:00 0 
7f4cc2d04000-7f4cc2d05000 rw-p 00000000 00:00 0 
7f4cc2d05000-7f4cc2d0d000 rw-s 00000000 08:01 1572871                    /tmp/hsperfdata_vagrant/4810
7f4cc2d0d000-7f4cc2d10000 ---p 00000000 00:00 0 
7f4cc2d10000-7f4cc2e13000 rw-p 00000000 00:00 0 
7f4cc2e13000-7f4cc2e17000 r--s 0003c000 08:01 1975542                    /usr/java/jdk1.8.0_05/jre/lib/ext/jai_codec.jar
7f4cc2e17000-7f4cc2e18000 rw-p 00000000 00:00 0 
7f4cc2e18000-7f4cc2e19000 r--p 00000000 00:00 0 
7f4cc2e19000-7f4cc2e1a000 rw-p 00000000 00:00 0 
7f4cc2e1a000-7f4cc2e1b000 r--p 0001f000 08:01 2229566                    /lib64/ld-2.12.so
7f4cc2e1b000-7f4cc2e1c000 rw-p 00020000 08:01 2229566                    /lib64/ld-2.12.so
7f4cc2e1c000-7f4cc2e1d000 rw-p 00000000 00:00 0 
7fff4d0f6000-7fff4d10b000 rw-p 00000000 00:00 0                          [stack]
7fff4d13d000-7fff4d13e000 r-xp 00000000 00:00 0                          [vdso]
ffffffffff600000-ffffffffff601000 r-xp 00000000 00:00 0                  [vsyscall]

VM Arguments:
jvm_args: -Djava.library.path=/usr/share/db-6.1.19/build_unix/.libs 
java_command: /vagrant/judal/bdb/target/surefire/surefirebooter4458134610919413157.jar /vagrant/judal/bdb/target/surefire/surefire1664699586706323842tmp /vagrant/judal/bdb/target/surefire/surefire_05556979893166247411tmp
java_class_path (initial): /vagrant/judal/bdb/target/surefire/surefirebooter4458134610919413157.jar
Launcher Type: SUN_STANDARD

Environment Variables:
JAVA_HOME=/usr/java/jdk1.8.0_05
PATH=/usr/local/maven//bin:/usr/local/ant//bin:/usr/local/bin:/bin:/usr/bin:/usr/local/sbin:/usr/sbin:/sbin:/home/vagrant/bin
SHELL=/bin/bash

Signal Handlers:
SIGSEGV: [libjvm.so+0xa2fc90], sa_mask[0]=0x7ffbfeff, sa_flags=0x10000004
SIGBUS: [libjvm.so+0xa2fc90], sa_mask[0]=0x7ffbfeff, sa_flags=0x10000004
SIGFPE: [libjvm.so+0x89b4b0], sa_mask[0]=0x7ffbfeff, sa_flags=0x10000004
SIGPIPE: [libjvm.so+0x89b4b0], sa_mask[0]=0x7ffbfeff, sa_flags=0x10000004
SIGXFSZ: [libjvm.so+0x89b4b0], sa_mask[0]=0x7ffbfeff, sa_flags=0x10000004
SIGILL: [libjvm.so+0x89b4b0], sa_mask[0]=0x7ffbfeff, sa_flags=0x10000004
SIGUSR1: SIG_DFL, sa_mask[0]=0x00000000, sa_flags=0x00000000
SIGUSR2: [libjvm.so+0x89cc50], sa_mask[0]=0x00000004, sa_flags=0x10000004
SIGHUP: [libjvm.so+0x89df00], sa_mask[0]=0x7ffbfeff, sa_flags=0x10000004
SIGINT: [libjvm.so+0x89df00], sa_mask[0]=0x7ffbfeff, sa_flags=0x10000004
SIGTERM: [libjvm.so+0x89df00], sa_mask[0]=0x7ffbfeff, sa_flags=0x10000004
SIGQUIT: [libjvm.so+0x89df00], sa_mask[0]=0x7ffbfeff, sa_flags=0x10000004


---------------  S Y S T E M  ---------------

OS:CentOS release 6.5 (Final)

uname:Linux 2.6.32-431.el6.x86_64 #1 SMP Fri Nov 22 03:15:09 UTC 2013 x86_64
libc:glibc 2.12 NPTL 2.12 
rlimit: STACK 10240k, CORE 0k, NPROC 1024, NOFILE 4096, AS infinity
load average:0.21 0.05 0.01

/proc/meminfo:
MemTotal:         759840 kB
MemFree:          454060 kB
Buffers:           46760 kB
Cached:            92912 kB
SwapCached:            0 kB
Active:           165448 kB
Inactive:          88152 kB
Active(anon):     113940 kB
Inactive(anon):      456 kB
Active(file):      51508 kB
Inactive(file):    87696 kB
Unevictable:           0 kB
Mlocked:               0 kB
SwapTotal:             0 kB
SwapFree:              0 kB
Dirty:               376 kB
Writeback:             0 kB
AnonPages:        113996 kB
Mapped:            22956 kB
Shmem:               468 kB
Slab:              34228 kB
SReclaimable:      11468 kB
SUnreclaim:        22760 kB
KernelStack:        1744 kB
PageTables:         2708 kB
NFS_Unstable:          0 kB
Bounce:                0 kB
WritebackTmp:          0 kB
CommitLimit:      379920 kB
Committed_AS:     176664 kB
VmallocTotal:   34359738367 kB
VmallocUsed:       23756 kB
VmallocChunk:   34359704568 kB
HardwareCorrupted:     0 kB
AnonHugePages:     24576 kB
HugePages_Total:       0
HugePages_Free:        0
HugePages_Rsvd:        0
HugePages_Surp:        0
Hugepagesize:       2048 kB
DirectMap4k:        8128 kB
DirectMap2M:      778240 kB


CPU:total 4 (4 cores per cpu, 1 threads per core) family 6 model 94 stepping 3, cmov, cx8, fxsr, mmx, sse, sse2, sse3, ssse3, tsc

/proc/cpuinfo:
processor	: 0
vendor_id	: GenuineIntel
cpu family	: 6
model		: 94
model name	: Intel(R) Core(TM) i7-6700HQ CPU @ 2.60GHz
stepping	: 3
cpu MHz		: 2488.206
cache size	: 6144 KB
physical id	: 0
siblings	: 4
core id		: 0
cpu cores	: 4
apicid		: 0
initial apicid	: 0
fpu		: yes
fpu_exception	: yes
cpuid level	: 5
wp		: yes
flags		: fpu vme de pse tsc msr pae mce cx8 apic sep mtrr pge mca cmov pat pse36 clflush mmx fxsr sse sse2 ht syscall nx rdtscp lm constant_tsc rep_good pni ssse3 lahf_lm
bogomips	: 4976.41
clflush size	: 64
cache_alignment	: 64
address sizes	: 39 bits physical, 48 bits virtual
power management:

processor	: 1
vendor_id	: GenuineIntel
cpu family	: 6
model		: 94
model name	: Intel(R) Core(TM) i7-6700HQ CPU @ 2.60GHz
stepping	: 3
cpu MHz		: 2488.206
cache size	: 6144 KB
physical id	: 0
siblings	: 4
core id		: 1
cpu cores	: 4
apicid		: 1
initial apicid	: 1
fpu		: yes
fpu_exception	: yes
cpuid level	: 5
wp		: yes
flags		: fpu vme de pse tsc msr pae mce cx8 apic sep mtrr pge mca cmov pat pse36 clflush mmx fxsr sse sse2 ht syscall nx rdtscp lm constant_tsc rep_good pni ssse3 lahf_lm
bogomips	: 4976.41
clflush size	: 64
cache_alignment	: 64
address sizes	: 39 bits physical, 48 bits virtual
power management:

processor	: 2
vendor_id	: GenuineIntel
cpu family	: 6
model		: 94
model name	: Intel(R) Core(TM) i7-6700HQ CPU @ 2.60GHz
stepping	: 3
cpu MHz		: 2488.206
cache size	: 6144 KB
physical id	: 0
siblings	: 4
core id		: 2
cpu cores	: 4
apicid		: 2
initial apicid	: 2
fpu		: yes
fpu_exception	: yes
cpuid level	: 5
wp		: yes
flags		: fpu vme de pse tsc msr pae mce cx8 apic sep mtrr pge mca cmov pat pse36 clflush mmx fxsr sse sse2 ht syscall nx rdtscp lm constant_tsc rep_good pni ssse3 lahf_lm
bogomips	: 4976.41
clflush size	: 64
cache_alignment	: 64
address sizes	: 39 bits physical, 48 bits virtual
power management:

processor	: 3
vendor_id	: GenuineIntel
cpu family	: 6
model		: 94
model name	: Intel(R) Core(TM) i7-6700HQ CPU @ 2.60GHz
stepping	: 3
cpu MHz		: 2488.206
cache size	: 6144 KB
physical id	: 0
siblings	: 4
core id		: 3
cpu cores	: 4
apicid		: 3
initial apicid	: 3
fpu		: yes
fpu_exception	: yes
cpuid level	: 5
wp		: yes
flags		: fpu vme de pse tsc msr pae mce cx8 apic sep mtrr pge mca cmov pat pse36 clflush mmx fxsr sse sse2 ht syscall nx rdtscp lm constant_tsc rep_good pni ssse3 lahf_lm
bogomips	: 4976.41
clflush size	: 64
cache_alignment	: 64
address sizes	: 39 bits physical, 48 bits virtual
power management:



Memory: 4k page, physical 759840k(454060k free), swap 0k(0k free)

vm_info: Java HotSpot(TM) 64-Bit Server VM (25.5-b02) for linux-amd64 JRE (1.8.0_05-b13), built on Mar 18 2014 00:29:27 by "java_re" with gcc 4.3.0 20080428 (Red Hat 4.3.0-8)

time: Sun May 29 09:43:21 2016
elapsed time: 1 seconds

